11:12:50.362 [main] WARN  o.h.c.e.AbstractEhcacheRegionFactory - HHH020003: Could not find a specific ehcache configuration for cache named [cn.wm.sum.security.shiro.entity.User]; using defaults.
11:12:50.677 [main] WARN  o.h.c.e.AbstractEhcacheRegionFactory - HHH020003: Could not find a specific ehcache configuration for cache named [cn.wm.sum.security.shiro.entity.Role]; using defaults.
11:12:50.686 [main] WARN  o.h.c.e.AbstractEhcacheRegionFactory - HHH020003: Could not find a specific ehcache configuration for cache named [cn.wm.sum.entity.Task]; using defaults.
11:12:50.700 [main] WARN  o.h.c.e.AbstractEhcacheRegionFactory - HHH020003: Could not find a specific ehcache configuration for cache named [cn.wm.sum.security.shiro.entity.User.roleList]; using defaults.
11:15:16.363 [main] WARN  o.h.c.e.AbstractEhcacheRegionFactory - HHH020003: Could not find a specific ehcache configuration for cache named [cn.wm.sum.security.shiro.entity.User]; using defaults.
11:15:16.502 [main] WARN  o.h.c.e.AbstractEhcacheRegionFactory - HHH020003: Could not find a specific ehcache configuration for cache named [cn.wm.sum.security.shiro.entity.Role]; using defaults.
11:15:16.511 [main] WARN  o.h.c.e.AbstractEhcacheRegionFactory - HHH020003: Could not find a specific ehcache configuration for cache named [cn.wm.sum.entity.Task]; using defaults.
11:15:16.530 [main] WARN  o.h.c.e.AbstractEhcacheRegionFactory - HHH020003: Could not find a specific ehcache configuration for cache named [cn.wm.sum.security.shiro.entity.User.roleList]; using defaults.
11:15:38.676 [main] WARN  o.h.c.e.AbstractEhcacheRegionFactory - HHH020003: Could not find a specific ehcache configuration for cache named [cn.wm.sum.security.shiro.entity.User]; using defaults.
11:15:38.822 [main] WARN  o.h.c.e.AbstractEhcacheRegionFactory - HHH020003: Could not find a specific ehcache configuration for cache named [cn.wm.sum.security.shiro.entity.Role]; using defaults.
11:15:38.829 [main] WARN  o.h.c.e.AbstractEhcacheRegionFactory - HHH020003: Could not find a specific ehcache configuration for cache named [cn.wm.sum.entity.Task]; using defaults.
11:15:38.843 [main] WARN  o.h.c.e.AbstractEhcacheRegionFactory - HHH020003: Could not find a specific ehcache configuration for cache named [cn.wm.sum.security.shiro.entity.User.roleList]; using defaults.
11:16:47.956 [main] WARN  o.h.c.e.AbstractEhcacheRegionFactory - HHH020003: Could not find a specific ehcache configuration for cache named [cn.wm.sum.security.shiro.entity.User]; using defaults.
11:16:48.072 [main] WARN  o.h.c.e.AbstractEhcacheRegionFactory - HHH020003: Could not find a specific ehcache configuration for cache named [cn.wm.sum.security.shiro.entity.Role]; using defaults.
11:16:48.080 [main] WARN  o.h.c.e.AbstractEhcacheRegionFactory - HHH020003: Could not find a specific ehcache configuration for cache named [cn.wm.sum.entity.Task]; using defaults.
11:16:48.093 [main] WARN  o.h.c.e.AbstractEhcacheRegionFactory - HHH020003: Could not find a specific ehcache configuration for cache named [cn.wm.sum.security.shiro.entity.User.roleList]; using defaults.
11:20:49.413 [main] WARN  o.h.c.e.AbstractEhcacheRegionFactory - HHH020003: Could not find a specific ehcache configuration for cache named [cn.wm.sum.security.shiro.entity.User]; using defaults.
11:20:49.554 [main] WARN  o.h.c.e.AbstractEhcacheRegionFactory - HHH020003: Could not find a specific ehcache configuration for cache named [cn.wm.sum.security.shiro.entity.Role]; using defaults.
11:20:49.562 [main] WARN  o.h.c.e.AbstractEhcacheRegionFactory - HHH020003: Could not find a specific ehcache configuration for cache named [cn.wm.sum.entity.Task]; using defaults.
11:20:49.577 [main] WARN  o.h.c.e.AbstractEhcacheRegionFactory - HHH020003: Could not find a specific ehcache configuration for cache named [cn.wm.sum.security.shiro.entity.User.roleList]; using defaults.
11:23:43.963 [main] WARN  o.h.c.e.AbstractEhcacheRegionFactory - HHH020003: Could not find a specific ehcache configuration for cache named [cn.wm.sum.security.shiro.entity.User]; using defaults.
11:23:44.109 [main] WARN  o.h.c.e.AbstractEhcacheRegionFactory - HHH020003: Could not find a specific ehcache configuration for cache named [cn.wm.sum.security.shiro.entity.Role]; using defaults.
11:23:44.118 [main] WARN  o.h.c.e.AbstractEhcacheRegionFactory - HHH020003: Could not find a specific ehcache configuration for cache named [cn.wm.sum.entity.Task]; using defaults.
11:23:44.131 [main] WARN  o.h.c.e.AbstractEhcacheRegionFactory - HHH020003: Could not find a specific ehcache configuration for cache named [cn.wm.sum.security.shiro.entity.User.roleList]; using defaults.
11:47:39.298 [main] WARN  o.h.c.e.AbstractEhcacheRegionFactory - HHH020003: Could not find a specific ehcache configuration for cache named [cn.wm.sum.security.shiro.entity.User]; using defaults.
11:47:39.432 [main] WARN  o.h.c.e.AbstractEhcacheRegionFactory - HHH020003: Could not find a specific ehcache configuration for cache named [cn.wm.sum.security.shiro.entity.Role]; using defaults.
11:47:39.440 [main] WARN  o.h.c.e.AbstractEhcacheRegionFactory - HHH020003: Could not find a specific ehcache configuration for cache named [cn.wm.sum.entity.Task]; using defaults.
11:47:39.460 [main] WARN  o.h.c.e.AbstractEhcacheRegionFactory - HHH020003: Could not find a specific ehcache configuration for cache named [cn.wm.sum.security.shiro.entity.User.roleList]; using defaults.
11:48:05.560 [main] WARN  o.h.c.e.AbstractEhcacheRegionFactory - HHH020003: Could not find a specific ehcache configuration for cache named [cn.wm.sum.security.shiro.entity.User]; using defaults.
11:48:05.673 [main] WARN  o.h.c.e.AbstractEhcacheRegionFactory - HHH020003: Could not find a specific ehcache configuration for cache named [cn.wm.sum.security.shiro.entity.Role]; using defaults.
11:48:05.680 [main] WARN  o.h.c.e.AbstractEhcacheRegionFactory - HHH020003: Could not find a specific ehcache configuration for cache named [cn.wm.sum.entity.Task]; using defaults.
11:48:05.693 [main] WARN  o.h.c.e.AbstractEhcacheRegionFactory - HHH020003: Could not find a specific ehcache configuration for cache named [cn.wm.sum.security.shiro.entity.User.roleList]; using defaults.
11:51:40.297 [main] WARN  o.h.c.e.AbstractEhcacheRegionFactory - HHH020003: Could not find a specific ehcache configuration for cache named [cn.wm.sum.security.shiro.entity.User]; using defaults.
11:51:40.442 [main] WARN  o.h.c.e.AbstractEhcacheRegionFactory - HHH020003: Could not find a specific ehcache configuration for cache named [cn.wm.sum.security.shiro.entity.Role]; using defaults.
11:51:40.451 [main] WARN  o.h.c.e.AbstractEhcacheRegionFactory - HHH020003: Could not find a specific ehcache configuration for cache named [cn.wm.sum.entity.Task]; using defaults.
11:51:40.465 [main] WARN  o.h.c.e.AbstractEhcacheRegionFactory - HHH020003: Could not find a specific ehcache configuration for cache named [cn.wm.sum.security.shiro.entity.User.roleList]; using defaults.
11:52:15.773 [main] WARN  o.h.c.e.AbstractEhcacheRegionFactory - HHH020003: Could not find a specific ehcache configuration for cache named [cn.wm.sum.security.shiro.entity.User]; using defaults.
11:52:15.914 [main] WARN  o.h.c.e.AbstractEhcacheRegionFactory - HHH020003: Could not find a specific ehcache configuration for cache named [cn.wm.sum.security.shiro.entity.Role]; using defaults.
11:52:15.922 [main] WARN  o.h.c.e.AbstractEhcacheRegionFactory - HHH020003: Could not find a specific ehcache configuration for cache named [cn.wm.sum.entity.Task]; using defaults.
11:52:15.934 [main] WARN  o.h.c.e.AbstractEhcacheRegionFactory - HHH020003: Could not find a specific ehcache configuration for cache named [cn.wm.sum.security.shiro.entity.User.roleList]; using defaults.
12:16:30.236 [main] WARN  o.h.c.e.AbstractEhcacheRegionFactory - HHH020003: Could not find a specific ehcache configuration for cache named [cn.wm.sum.security.shiro.entity.User]; using defaults.
12:16:30.375 [main] WARN  o.h.c.e.AbstractEhcacheRegionFactory - HHH020003: Could not find a specific ehcache configuration for cache named [cn.wm.sum.security.shiro.entity.Role]; using defaults.
12:16:30.384 [main] WARN  o.h.c.e.AbstractEhcacheRegionFactory - HHH020003: Could not find a specific ehcache configuration for cache named [cn.wm.sum.entity.Task]; using defaults.
12:16:30.403 [main] WARN  o.h.c.e.AbstractEhcacheRegionFactory - HHH020003: Could not find a specific ehcache configuration for cache named [cn.wm.sum.security.shiro.entity.User.roleList]; using defaults.
12:16:30.962 [main] INFO  cn.wm.sum.queue.QuartzPBXServiceImpl - 将pbx抓取数据放入缓存
12:17:13.817 [main] WARN  o.h.c.e.AbstractEhcacheRegionFactory - HHH020003: Could not find a specific ehcache configuration for cache named [cn.wm.sum.security.shiro.entity.User]; using defaults.
12:17:13.956 [main] WARN  o.h.c.e.AbstractEhcacheRegionFactory - HHH020003: Could not find a specific ehcache configuration for cache named [cn.wm.sum.security.shiro.entity.Role]; using defaults.
12:17:13.965 [main] WARN  o.h.c.e.AbstractEhcacheRegionFactory - HHH020003: Could not find a specific ehcache configuration for cache named [cn.wm.sum.entity.Task]; using defaults.
12:17:13.986 [main] WARN  o.h.c.e.AbstractEhcacheRegionFactory - HHH020003: Could not find a specific ehcache configuration for cache named [cn.wm.sum.security.shiro.entity.User.roleList]; using defaults.
12:17:14.547 [main] INFO  cn.wm.sum.queue.QuartzPBXServiceImpl - 将pbx抓取数据放入缓存
12:18:03.622 [main] WARN  o.h.c.e.AbstractEhcacheRegionFactory - HHH020003: Could not find a specific ehcache configuration for cache named [cn.wm.sum.security.shiro.entity.User]; using defaults.
12:18:03.764 [main] WARN  o.h.c.e.AbstractEhcacheRegionFactory - HHH020003: Could not find a specific ehcache configuration for cache named [cn.wm.sum.security.shiro.entity.Role]; using defaults.
12:18:03.774 [main] WARN  o.h.c.e.AbstractEhcacheRegionFactory - HHH020003: Could not find a specific ehcache configuration for cache named [cn.wm.sum.entity.Task]; using defaults.
12:18:03.796 [main] WARN  o.h.c.e.AbstractEhcacheRegionFactory - HHH020003: Could not find a specific ehcache configuration for cache named [cn.wm.sum.security.shiro.entity.User.roleList]; using defaults.
12:18:04.369 [main] INFO  cn.wm.sum.queue.QuartzPBXServiceImpl - 将pbx抓取数据放入缓存
12:19:15.752 [main] WARN  o.h.c.e.AbstractEhcacheRegionFactory - HHH020003: Could not find a specific ehcache configuration for cache named [cn.wm.sum.security.shiro.entity.User]; using defaults.
12:19:15.891 [main] WARN  o.h.c.e.AbstractEhcacheRegionFactory - HHH020003: Could not find a specific ehcache configuration for cache named [cn.wm.sum.security.shiro.entity.Role]; using defaults.
12:19:15.901 [main] WARN  o.h.c.e.AbstractEhcacheRegionFactory - HHH020003: Could not find a specific ehcache configuration for cache named [cn.wm.sum.entity.Task]; using defaults.
12:19:15.922 [main] WARN  o.h.c.e.AbstractEhcacheRegionFactory - HHH020003: Could not find a specific ehcache configuration for cache named [cn.wm.sum.security.shiro.entity.User.roleList]; using defaults.
16:06:23.956 [main] WARN  o.h.c.e.AbstractEhcacheRegionFactory - HHH020003: Could not find a specific ehcache configuration for cache named [cn.wm.sum.security.shiro.entity.User]; using defaults.
16:06:24.206 [main] WARN  o.h.c.e.AbstractEhcacheRegionFactory - HHH020003: Could not find a specific ehcache configuration for cache named [cn.wm.sum.security.shiro.entity.Role]; using defaults.
16:06:24.213 [main] WARN  o.h.c.e.AbstractEhcacheRegionFactory - HHH020003: Could not find a specific ehcache configuration for cache named [cn.wm.sum.entity.Task]; using defaults.
16:06:24.233 [main] WARN  o.h.c.e.AbstractEhcacheRegionFactory - HHH020003: Could not find a specific ehcache configuration for cache named [cn.wm.sum.security.shiro.entity.User.roleList]; using defaults.
