10:44:32.734 [main] WARN  o.h.c.e.AbstractEhcacheRegionFactory - HHH020003: Could not find a specific ehcache configuration for cache named [cn.wm.sum.security.shiro.entity.User]; using defaults.
10:44:32.949 [main] WARN  o.h.c.e.AbstractEhcacheRegionFactory - HHH020003: Could not find a specific ehcache configuration for cache named [cn.wm.sum.security.shiro.entity.Role]; using defaults.
10:44:32.956 [main] WARN  o.h.c.e.AbstractEhcacheRegionFactory - HHH020003: Could not find a specific ehcache configuration for cache named [cn.wm.sum.entity.Task]; using defaults.
10:44:32.966 [main] WARN  o.h.c.e.AbstractEhcacheRegionFactory - HHH020003: Could not find a specific ehcache configuration for cache named [cn.wm.sum.security.shiro.entity.User.roleList]; using defaults.
10:45:46.048 [main] WARN  o.h.c.e.AbstractEhcacheRegionFactory - HHH020003: Could not find a specific ehcache configuration for cache named [cn.wm.sum.security.shiro.entity.User]; using defaults.
10:45:46.157 [main] WARN  o.h.c.e.AbstractEhcacheRegionFactory - HHH020003: Could not find a specific ehcache configuration for cache named [cn.wm.sum.security.shiro.entity.Role]; using defaults.
10:45:46.164 [main] WARN  o.h.c.e.AbstractEhcacheRegionFactory - HHH020003: Could not find a specific ehcache configuration for cache named [cn.wm.sum.entity.Task]; using defaults.
10:45:46.175 [main] WARN  o.h.c.e.AbstractEhcacheRegionFactory - HHH020003: Could not find a specific ehcache configuration for cache named [cn.wm.sum.security.shiro.entity.User.roleList]; using defaults.
10:47:48.077 [main] WARN  o.h.c.e.AbstractEhcacheRegionFactory - HHH020003: Could not find a specific ehcache configuration for cache named [cn.wm.sum.security.shiro.entity.User]; using defaults.
10:47:48.191 [main] WARN  o.h.c.e.AbstractEhcacheRegionFactory - HHH020003: Could not find a specific ehcache configuration for cache named [cn.wm.sum.security.shiro.entity.Role]; using defaults.
10:47:48.197 [main] WARN  o.h.c.e.AbstractEhcacheRegionFactory - HHH020003: Could not find a specific ehcache configuration for cache named [cn.wm.sum.entity.Task]; using defaults.
10:47:48.207 [main] WARN  o.h.c.e.AbstractEhcacheRegionFactory - HHH020003: Could not find a specific ehcache configuration for cache named [cn.wm.sum.security.shiro.entity.User.roleList]; using defaults.
10:48:24.479 [main] WARN  o.h.c.e.AbstractEhcacheRegionFactory - HHH020003: Could not find a specific ehcache configuration for cache named [cn.wm.sum.security.shiro.entity.User]; using defaults.
10:48:24.594 [main] WARN  o.h.c.e.AbstractEhcacheRegionFactory - HHH020003: Could not find a specific ehcache configuration for cache named [cn.wm.sum.security.shiro.entity.Role]; using defaults.
10:48:24.602 [main] WARN  o.h.c.e.AbstractEhcacheRegionFactory - HHH020003: Could not find a specific ehcache configuration for cache named [cn.wm.sum.entity.Task]; using defaults.
10:48:24.617 [main] WARN  o.h.c.e.AbstractEhcacheRegionFactory - HHH020003: Could not find a specific ehcache configuration for cache named [cn.wm.sum.security.shiro.entity.User.roleList]; using defaults.
10:48:57.800 [main] WARN  o.h.c.e.AbstractEhcacheRegionFactory - HHH020003: Could not find a specific ehcache configuration for cache named [cn.wm.sum.security.shiro.entity.User]; using defaults.
10:48:57.931 [main] WARN  o.h.c.e.AbstractEhcacheRegionFactory - HHH020003: Could not find a specific ehcache configuration for cache named [cn.wm.sum.security.shiro.entity.Role]; using defaults.
10:48:57.937 [main] WARN  o.h.c.e.AbstractEhcacheRegionFactory - HHH020003: Could not find a specific ehcache configuration for cache named [cn.wm.sum.entity.Task]; using defaults.
10:48:57.950 [main] WARN  o.h.c.e.AbstractEhcacheRegionFactory - HHH020003: Could not find a specific ehcache configuration for cache named [cn.wm.sum.security.shiro.entity.User.roleList]; using defaults.
10:50:42.710 [main] WARN  o.h.c.e.AbstractEhcacheRegionFactory - HHH020003: Could not find a specific ehcache configuration for cache named [cn.wm.sum.security.shiro.entity.User]; using defaults.
10:50:42.827 [main] WARN  o.h.c.e.AbstractEhcacheRegionFactory - HHH020003: Could not find a specific ehcache configuration for cache named [cn.wm.sum.security.shiro.entity.Role]; using defaults.
10:50:42.835 [main] WARN  o.h.c.e.AbstractEhcacheRegionFactory - HHH020003: Could not find a specific ehcache configuration for cache named [cn.wm.sum.entity.Task]; using defaults.
10:50:42.846 [main] WARN  o.h.c.e.AbstractEhcacheRegionFactory - HHH020003: Could not find a specific ehcache configuration for cache named [cn.wm.sum.security.shiro.entity.User.roleList]; using defaults.
10:52:26.275 [main] WARN  o.h.c.e.AbstractEhcacheRegionFactory - HHH020003: Could not find a specific ehcache configuration for cache named [cn.wm.sum.security.shiro.entity.User]; using defaults.
10:52:26.386 [main] WARN  o.h.c.e.AbstractEhcacheRegionFactory - HHH020003: Could not find a specific ehcache configuration for cache named [cn.wm.sum.security.shiro.entity.Role]; using defaults.
10:52:26.394 [main] WARN  o.h.c.e.AbstractEhcacheRegionFactory - HHH020003: Could not find a specific ehcache configuration for cache named [cn.wm.sum.entity.Task]; using defaults.
10:52:26.405 [main] WARN  o.h.c.e.AbstractEhcacheRegionFactory - HHH020003: Could not find a specific ehcache configuration for cache named [cn.wm.sum.security.shiro.entity.User.roleList]; using defaults.
10:54:23.807 [main] WARN  o.h.c.e.AbstractEhcacheRegionFactory - HHH020003: Could not find a specific ehcache configuration for cache named [cn.wm.sum.security.shiro.entity.User]; using defaults.
10:54:23.972 [main] WARN  o.h.c.e.AbstractEhcacheRegionFactory - HHH020003: Could not find a specific ehcache configuration for cache named [cn.wm.sum.security.shiro.entity.Role]; using defaults.
10:54:23.983 [main] WARN  o.h.c.e.AbstractEhcacheRegionFactory - HHH020003: Could not find a specific ehcache configuration for cache named [cn.wm.sum.entity.Task]; using defaults.
10:54:24.001 [main] WARN  o.h.c.e.AbstractEhcacheRegionFactory - HHH020003: Could not find a specific ehcache configuration for cache named [cn.wm.sum.security.shiro.entity.User.roleList]; using defaults.
10:55:55.902 [main] WARN  o.h.c.e.AbstractEhcacheRegionFactory - HHH020003: Could not find a specific ehcache configuration for cache named [cn.wm.sum.security.shiro.entity.User]; using defaults.
10:55:56.013 [main] WARN  o.h.c.e.AbstractEhcacheRegionFactory - HHH020003: Could not find a specific ehcache configuration for cache named [cn.wm.sum.security.shiro.entity.Role]; using defaults.
10:55:56.019 [main] WARN  o.h.c.e.AbstractEhcacheRegionFactory - HHH020003: Could not find a specific ehcache configuration for cache named [cn.wm.sum.entity.Task]; using defaults.
10:55:56.028 [main] WARN  o.h.c.e.AbstractEhcacheRegionFactory - HHH020003: Could not find a specific ehcache configuration for cache named [cn.wm.sum.security.shiro.entity.User.roleList]; using defaults.
10:56:08.899 [main] WARN  o.h.c.e.AbstractEhcacheRegionFactory - HHH020003: Could not find a specific ehcache configuration for cache named [cn.wm.sum.security.shiro.entity.User]; using defaults.
10:56:09.017 [main] WARN  o.h.c.e.AbstractEhcacheRegionFactory - HHH020003: Could not find a specific ehcache configuration for cache named [cn.wm.sum.security.shiro.entity.Role]; using defaults.
10:56:09.023 [main] WARN  o.h.c.e.AbstractEhcacheRegionFactory - HHH020003: Could not find a specific ehcache configuration for cache named [cn.wm.sum.entity.Task]; using defaults.
10:56:09.034 [main] WARN  o.h.c.e.AbstractEhcacheRegionFactory - HHH020003: Could not find a specific ehcache configuration for cache named [cn.wm.sum.security.shiro.entity.User.roleList]; using defaults.
10:56:28.685 [main] WARN  o.h.c.e.AbstractEhcacheRegionFactory - HHH020003: Could not find a specific ehcache configuration for cache named [cn.wm.sum.security.shiro.entity.User]; using defaults.
10:56:28.800 [main] WARN  o.h.c.e.AbstractEhcacheRegionFactory - HHH020003: Could not find a specific ehcache configuration for cache named [cn.wm.sum.security.shiro.entity.Role]; using defaults.
10:56:28.808 [main] WARN  o.h.c.e.AbstractEhcacheRegionFactory - HHH020003: Could not find a specific ehcache configuration for cache named [cn.wm.sum.entity.Task]; using defaults.
10:56:28.820 [main] WARN  o.h.c.e.AbstractEhcacheRegionFactory - HHH020003: Could not find a specific ehcache configuration for cache named [cn.wm.sum.security.shiro.entity.User.roleList]; using defaults.
12:00:00.682 [main] WARN  o.h.c.e.AbstractEhcacheRegionFactory - HHH020003: Could not find a specific ehcache configuration for cache named [cn.wm.sum.security.shiro.entity.User]; using defaults.
12:00:00.796 [main] WARN  o.h.c.e.AbstractEhcacheRegionFactory - HHH020003: Could not find a specific ehcache configuration for cache named [cn.wm.sum.security.shiro.entity.Role]; using defaults.
12:00:00.805 [main] WARN  o.h.c.e.AbstractEhcacheRegionFactory - HHH020003: Could not find a specific ehcache configuration for cache named [cn.wm.sum.entity.Task]; using defaults.
12:00:00.818 [main] WARN  o.h.c.e.AbstractEhcacheRegionFactory - HHH020003: Could not find a specific ehcache configuration for cache named [cn.wm.sum.security.shiro.entity.User.roleList]; using defaults.
12:01:36.774 [main] WARN  o.h.c.e.AbstractEhcacheRegionFactory - HHH020003: Could not find a specific ehcache configuration for cache named [cn.wm.sum.security.shiro.entity.User]; using defaults.
12:01:36.892 [main] WARN  o.h.c.e.AbstractEhcacheRegionFactory - HHH020003: Could not find a specific ehcache configuration for cache named [cn.wm.sum.security.shiro.entity.Role]; using defaults.
12:01:36.901 [main] WARN  o.h.c.e.AbstractEhcacheRegionFactory - HHH020003: Could not find a specific ehcache configuration for cache named [cn.wm.sum.entity.Task]; using defaults.
12:01:36.914 [main] WARN  o.h.c.e.AbstractEhcacheRegionFactory - HHH020003: Could not find a specific ehcache configuration for cache named [cn.wm.sum.security.shiro.entity.User.roleList]; using defaults.
13:04:23.625 [main] WARN  o.h.c.e.AbstractEhcacheRegionFactory - HHH020003: Could not find a specific ehcache configuration for cache named [cn.wm.sum.security.shiro.entity.User]; using defaults.
13:04:23.770 [main] WARN  o.h.c.e.AbstractEhcacheRegionFactory - HHH020003: Could not find a specific ehcache configuration for cache named [cn.wm.sum.security.shiro.entity.Role]; using defaults.
13:04:23.778 [main] WARN  o.h.c.e.AbstractEhcacheRegionFactory - HHH020003: Could not find a specific ehcache configuration for cache named [cn.wm.sum.entity.Task]; using defaults.
13:04:23.799 [main] WARN  o.h.c.e.AbstractEhcacheRegionFactory - HHH020003: Could not find a specific ehcache configuration for cache named [cn.wm.sum.security.shiro.entity.User.roleList]; using defaults.
13:04:50.340 [main] WARN  o.h.c.e.AbstractEhcacheRegionFactory - HHH020003: Could not find a specific ehcache configuration for cache named [cn.wm.sum.security.shiro.entity.User]; using defaults.
13:04:50.452 [main] WARN  o.h.c.e.AbstractEhcacheRegionFactory - HHH020003: Could not find a specific ehcache configuration for cache named [cn.wm.sum.security.shiro.entity.Role]; using defaults.
13:04:50.460 [main] WARN  o.h.c.e.AbstractEhcacheRegionFactory - HHH020003: Could not find a specific ehcache configuration for cache named [cn.wm.sum.entity.Task]; using defaults.
13:04:50.472 [main] WARN  o.h.c.e.AbstractEhcacheRegionFactory - HHH020003: Could not find a specific ehcache configuration for cache named [cn.wm.sum.security.shiro.entity.User.roleList]; using defaults.
13:05:23.689 [main] WARN  o.h.c.e.AbstractEhcacheRegionFactory - HHH020003: Could not find a specific ehcache configuration for cache named [cn.wm.sum.security.shiro.entity.User]; using defaults.
13:05:23.804 [main] WARN  o.h.c.e.AbstractEhcacheRegionFactory - HHH020003: Could not find a specific ehcache configuration for cache named [cn.wm.sum.security.shiro.entity.Role]; using defaults.
13:05:23.813 [main] WARN  o.h.c.e.AbstractEhcacheRegionFactory - HHH020003: Could not find a specific ehcache configuration for cache named [cn.wm.sum.entity.Task]; using defaults.
13:05:23.826 [main] WARN  o.h.c.e.AbstractEhcacheRegionFactory - HHH020003: Could not find a specific ehcache configuration for cache named [cn.wm.sum.security.shiro.entity.User.roleList]; using defaults.
14:45:21.448 [main] WARN  o.h.c.e.AbstractEhcacheRegionFactory - HHH020003: Could not find a specific ehcache configuration for cache named [cn.wm.sum.security.shiro.entity.User]; using defaults.
14:45:21.610 [main] WARN  o.h.c.e.AbstractEhcacheRegionFactory - HHH020003: Could not find a specific ehcache configuration for cache named [cn.wm.sum.security.shiro.entity.Role]; using defaults.
14:45:21.620 [main] WARN  o.h.c.e.AbstractEhcacheRegionFactory - HHH020003: Could not find a specific ehcache configuration for cache named [cn.wm.sum.entity.Task]; using defaults.
14:45:21.637 [main] WARN  o.h.c.e.AbstractEhcacheRegionFactory - HHH020003: Could not find a specific ehcache configuration for cache named [cn.wm.sum.security.shiro.entity.User.roleList]; using defaults.
14:46:57.076 [main] WARN  o.h.c.e.AbstractEhcacheRegionFactory - HHH020003: Could not find a specific ehcache configuration for cache named [cn.wm.sum.security.shiro.entity.User]; using defaults.
14:46:57.371 [main] WARN  o.h.c.e.AbstractEhcacheRegionFactory - HHH020003: Could not find a specific ehcache configuration for cache named [cn.wm.sum.security.shiro.entity.Role]; using defaults.
14:46:57.393 [main] WARN  o.h.c.e.AbstractEhcacheRegionFactory - HHH020003: Could not find a specific ehcache configuration for cache named [cn.wm.sum.entity.Task]; using defaults.
14:46:57.412 [main] WARN  o.h.c.e.AbstractEhcacheRegionFactory - HHH020003: Could not find a specific ehcache configuration for cache named [cn.wm.sum.security.shiro.entity.User.roleList]; using defaults.
14:46:57.482 [main] WARN  o.h.c.e.AbstractEhcacheRegionFactory - HHH020003: Could not find a specific ehcache configuration for cache named [cn.wm.sum.security.shiro.entity.User]; using defaults.
14:46:57.529 [main] WARN  net.sf.ehcache.DiskStorePathManager - diskStorePath 'C:\Users\wang\AppData\Local\Temp\cache\hibernate' is already used by an existing CacheManager either in the same VM or in a different process.
The diskStore path for this CacheManager will be set to C:\Users\wang\AppData\Local\Temp\cache\hibernate\ehcache_auto_created7766105744832647048diskstore.
To avoid this warning consider using the CacheManager factory methods to create a singleton CacheManager or specifying a separate ehcache configuration (ehcache.xml) for each CacheManager instance.
14:46:57.709 [main] WARN  o.h.c.e.AbstractEhcacheRegionFactory - HHH020003: Could not find a specific ehcache configuration for cache named [cn.wm.sum.security.shiro.entity.Role]; using defaults.
14:46:57.720 [main] WARN  o.h.c.e.AbstractEhcacheRegionFactory - HHH020003: Could not find a specific ehcache configuration for cache named [cn.wm.sum.entity.Task]; using defaults.
14:46:57.742 [main] WARN  o.h.c.e.AbstractEhcacheRegionFactory - HHH020003: Could not find a specific ehcache configuration for cache named [cn.wm.sum.security.shiro.entity.User.roleList]; using defaults.
14:46:57.779 [main] WARN  o.h.c.e.AbstractEhcacheRegionFactory - HHH020003: Could not find a specific ehcache configuration for cache named [cn.wm.sum.security.shiro.entity.User]; using defaults.
14:46:57.829 [main] WARN  net.sf.ehcache.DiskStorePathManager - diskStorePath 'C:\Users\wang\AppData\Local\Temp\cache\hibernate' is already used by an existing CacheManager either in the same VM or in a different process.
The diskStore path for this CacheManager will be set to C:\Users\wang\AppData\Local\Temp\cache\hibernate\ehcache_auto_created1531582565368771148diskstore.
To avoid this warning consider using the CacheManager factory methods to create a singleton CacheManager or specifying a separate ehcache configuration (ehcache.xml) for each CacheManager instance.
14:46:58.017 [main] WARN  o.h.c.e.AbstractEhcacheRegionFactory - HHH020003: Could not find a specific ehcache configuration for cache named [cn.wm.sum.security.shiro.entity.Role]; using defaults.
14:46:58.036 [main] WARN  o.h.c.e.AbstractEhcacheRegionFactory - HHH020003: Could not find a specific ehcache configuration for cache named [cn.wm.sum.entity.Task]; using defaults.
14:46:58.057 [main] WARN  o.h.c.e.AbstractEhcacheRegionFactory - HHH020003: Could not find a specific ehcache configuration for cache named [cn.wm.sum.security.shiro.entity.User.roleList]; using defaults.
14:47:00.315 [main] WARN  o.h.c.e.AbstractEhcacheRegionFactory - HHH020003: Could not find a specific ehcache configuration for cache named [cn.wm.sum.security.shiro.entity.User]; using defaults.
14:47:00.432 [main] WARN  o.h.c.e.AbstractEhcacheRegionFactory - HHH020003: Could not find a specific ehcache configuration for cache named [cn.wm.sum.security.shiro.entity.Role]; using defaults.
14:47:00.440 [main] WARN  o.h.c.e.AbstractEhcacheRegionFactory - HHH020003: Could not find a specific ehcache configuration for cache named [cn.wm.sum.entity.Task]; using defaults.
14:47:00.452 [main] WARN  o.h.c.e.AbstractEhcacheRegionFactory - HHH020003: Could not find a specific ehcache configuration for cache named [cn.wm.sum.security.shiro.entity.User.roleList]; using defaults.
14:47:32.114 [main] WARN  o.h.c.e.AbstractEhcacheRegionFactory - HHH020003: Could not find a specific ehcache configuration for cache named [cn.wm.sum.security.shiro.entity.User]; using defaults.
14:47:32.226 [main] WARN  o.h.c.e.AbstractEhcacheRegionFactory - HHH020003: Could not find a specific ehcache configuration for cache named [cn.wm.sum.security.shiro.entity.Role]; using defaults.
14:47:32.238 [main] WARN  o.h.c.e.AbstractEhcacheRegionFactory - HHH020003: Could not find a specific ehcache configuration for cache named [cn.wm.sum.entity.Task]; using defaults.
14:47:32.251 [main] WARN  o.h.c.e.AbstractEhcacheRegionFactory - HHH020003: Could not find a specific ehcache configuration for cache named [cn.wm.sum.security.shiro.entity.User.roleList]; using defaults.
17:39:11.469 [main] WARN  o.h.c.e.AbstractEhcacheRegionFactory - HHH020003: Could not find a specific ehcache configuration for cache named [cn.wm.sum.security.shiro.entity.User]; using defaults.
17:39:11.627 [main] WARN  o.h.c.e.AbstractEhcacheRegionFactory - HHH020003: Could not find a specific ehcache configuration for cache named [cn.wm.sum.security.shiro.entity.Role]; using defaults.
17:39:11.637 [main] WARN  o.h.c.e.AbstractEhcacheRegionFactory - HHH020003: Could not find a specific ehcache configuration for cache named [cn.wm.sum.entity.Task]; using defaults.
17:39:11.659 [main] WARN  o.h.c.e.AbstractEhcacheRegionFactory - HHH020003: Could not find a specific ehcache configuration for cache named [cn.wm.sum.security.shiro.entity.User.roleList]; using defaults.
18:00:39.736 [main] WARN  o.h.c.e.AbstractEhcacheRegionFactory - HHH020003: Could not find a specific ehcache configuration for cache named [cn.wm.sum.security.shiro.entity.User]; using defaults.
18:00:39.879 [main] WARN  o.h.c.e.AbstractEhcacheRegionFactory - HHH020003: Could not find a specific ehcache configuration for cache named [cn.wm.sum.security.shiro.entity.Role]; using defaults.
18:00:39.887 [main] WARN  o.h.c.e.AbstractEhcacheRegionFactory - HHH020003: Could not find a specific ehcache configuration for cache named [cn.wm.sum.entity.Task]; using defaults.
18:00:39.926 [main] WARN  o.h.c.e.AbstractEhcacheRegionFactory - HHH020003: Could not find a specific ehcache configuration for cache named [cn.wm.sum.security.shiro.entity.User.roleList]; using defaults.
